<?xml version="1.0" encoding="UTF-8"?>
<!-- Generated by org.testng.reporters.JUnitXMLReporter -->
<testsuite hostname="DESKTOP-P8L6JL1" ignored="0" name="Default test" tests="5" failures="0" timestamp="29 Jun 2021 12:30:29 GMT" time="0.076" errors="0">
  <testcase name="@BeforeTest setup" time="0.0" classname="Automation.BookMyShow.loginFunctionalityTest">
    <failure type="org.testng.TestNGException" message="
Can inject only one of &amp;lt;ITestContext, XmlTest&amp;gt; into a @BeforeTest annotated setup.
For more information on native dependency injection please refer to http://testng.org/doc/documentation-main.html#native-dependency-injection">
      <![CDATA[org.testng.TestNGException: 
Can inject only one of <ITestContext, XmlTest> into a @BeforeTest annotated setup.
For more information on native dependency injection please refer to http://testng.org/doc/documentation-main.html#native-dependency-injection
at org.testng.internal.Parameters.checkParameterTypes(Parameters.java:407)
at org.testng.internal.Parameters.createParametersForMethod(Parameters.java:356)
at org.testng.internal.Parameters.createParameters(Parameters.java:635)
at org.testng.internal.Parameters.createConfigurationParameters(Parameters.java:190)
at org.testng.internal.Invoker.invokeConfigurations(Invoker.java:209)
at org.testng.internal.Invoker.invokeConfigurations(Invoker.java:142)
at org.testng.TestRunner.beforeRun(TestRunner.java:529)
at org.testng.TestRunner.run(TestRunner.java:497)
at org.testng.SuiteRunner.runTest(SuiteRunner.java:455)
at org.testng.SuiteRunner.runSequentially(SuiteRunner.java:450)
at org.testng.SuiteRunner.privateRun(SuiteRunner.java:415)
at org.testng.SuiteRunner.run(SuiteRunner.java:364)
at org.testng.SuiteRunnerWorker.runSuite(SuiteRunnerWorker.java:52)
at org.testng.SuiteRunnerWorker.run(SuiteRunnerWorker.java:84)
at org.testng.TestNG.runSuitesSequentially(TestNG.java:1208)
at org.testng.TestNG.runSuitesLocally(TestNG.java:1137)
at org.testng.TestNG.runSuites(TestNG.java:1049)
at org.testng.TestNG.run(TestNG.java:1017)
at org.testng.remote.AbstractRemoteTestNG.run(AbstractRemoteTestNG.java:115)
at org.testng.remote.RemoteTestNG.initAndRun(RemoteTestNG.java:251)
at org.testng.remote.RemoteTestNG.main(RemoteTestNG.java:77)
]]>
    </failure>
  </testcase> <!-- @BeforeTest setup -->
  <testcase name="@AfterTest closeDriver" time="0.0" classname="Automation.BookMyShow.loginFunctionalityTest">
    <skipped/>
  </testcase> <!-- @AfterTest closeDriver -->
  <testcase name="openBrowser" time="0.0" classname="Automation.BookMyShow.loginFunctionalityTest">
    <skipped/>
  </testcase> <!-- openBrowser -->
  <testcase name="signUpNCR" time="0.0" classname="Automation.BookMyShow.loginFunctionalityTest">
    <skipped/>
  </testcase> <!-- signUpNCR -->
  <testcase name="signUp" time="0.0" classname="Automation.BookMyShow.loginFunctionalityTest">
    <skipped/>
  </testcase> <!-- signUp -->
  <testcase name="signUpUsingGoogle" time="0.0" classname="Automation.BookMyShow.loginFunctionalityTest">
    <skipped/>
  </testcase> <!-- signUpUsingGoogle -->
  <testcase name="switchWindow" time="0.0" classname="Automation.BookMyShow.loginFunctionalityTest">
    <skipped/>
  </testcase> <!-- switchWindow -->
</testsuite> <!-- Default test -->
