<?xml version="1.0" encoding="UTF-8"?>
<!-- Generated by org.testng.reporters.JUnitXMLReporter -->
<testsuite hostname="DESKTOP-P8L6JL1" ignored="0" name="SportsTest" tests="1" failures="0" timestamp="27 Jun 2021 05:46:52 GMT" time="0.021" errors="0">
  <testcase name="@BeforeMethod setup" time="0.013" classname="Automation.BookMyShow.sportsNameCollectionTest">
    <failure type="java.lang.IllegalStateException" message="The driver executable does not exist: C:\Users\srao9\OneDrive\Desktop\BookMyShow\WebDrivers\chromedriver.exe">
      <![CDATA[java.lang.IllegalStateException: The driver executable does not exist: C:\Users\srao9\OneDrive\Desktop\BookMyShow\WebDrivers\chromedriver.exe
at com.google.common.base.Preconditions.checkState(Preconditions.java:585)
at org.openqa.selenium.remote.service.DriverService.checkExecutable(DriverService.java:146)
at org.openqa.selenium.remote.service.DriverService.findExecutable(DriverService.java:141)
at org.openqa.selenium.chrome.ChromeDriverService.access$000(ChromeDriverService.java:35)
at org.openqa.selenium.chrome.ChromeDriverService$Builder.findDefaultExecutable(ChromeDriverService.java:159)
at org.openqa.selenium.remote.service.DriverService$Builder.build(DriverService.java:355)
at org.openqa.selenium.chrome.ChromeDriverService.createDefaultService(ChromeDriverService.java:94)
at org.openqa.selenium.chrome.ChromeDriver.<init>(ChromeDriver.java:123)
at Automation.BookMyShow.sportsNameCollectionTest.setup(sportsNameCollectionTest.java:37)
... Removed 28 stack frames]]>
    </failure>
  </testcase> <!-- @BeforeMethod setup -->
  <testcase name="@AfterMethod closeDriver" time="0.0" classname="Automation.BookMyShow.sportsNameCollectionTest">
    <skipped/>
  </testcase> <!-- @AfterMethod closeDriver -->
  <testcase name="clickAllLinks" time="0.0" classname="Automation.BookMyShow.sportsNameCollectionTest">
    <skipped/>
  </testcase> <!-- clickAllLinks -->
</testsuite> <!-- SportsTest -->
