<?xml version="1.0" encoding="UTF-8"?>
<!-- Generated by org.testng.reporters.JUnitXMLReporter -->
<testsuite hostname="DESKTOP-P8L6JL1" ignored="0" name="Test" tests="10" failures="0" timestamp="27 Jun 2021 05:46:52 GMT" time="0.156" errors="0">
  <testcase name="@BeforeTest setup" time="0.097" classname="Automation.BookMyShow.Test_Execution">
    <failure type="java.lang.IllegalStateException" message="The driver executable does not exist: C:\Users\srao9\OneDrive\Desktop\BookMyShow\WebDrivers\chromedriver.exe">
      <![CDATA[java.lang.IllegalStateException: The driver executable does not exist: C:\Users\srao9\OneDrive\Desktop\BookMyShow\WebDrivers\chromedriver.exe
at com.google.common.base.Preconditions.checkState(Preconditions.java:585)
at org.openqa.selenium.remote.service.DriverService.checkExecutable(DriverService.java:146)
at org.openqa.selenium.remote.service.DriverService.findExecutable(DriverService.java:141)
at org.openqa.selenium.chrome.ChromeDriverService.access$000(ChromeDriverService.java:35)
at org.openqa.selenium.chrome.ChromeDriverService$Builder.findDefaultExecutable(ChromeDriverService.java:159)
at org.openqa.selenium.remote.service.DriverService$Builder.build(DriverService.java:355)
at org.openqa.selenium.chrome.ChromeDriverService.createDefaultService(ChromeDriverService.java:94)
at org.openqa.selenium.chrome.ChromeDriver.<init>(ChromeDriver.java:123)
at Automation.BookMyShow.WebDriverFactory.setDriver(WebDriverFactory.java:29)
at Automation.BookMyShow.Test_Execution.setup(Test_Execution.java:43)
... Removed 24 stack frames]]>
    </failure>
  </testcase> <!-- @BeforeTest setup -->
  <testcase name="@AfterTest closeDriver" time="0.0" classname="Automation.BookMyShow.Test_Execution">
    <skipped/>
  </testcase> <!-- @AfterTest closeDriver -->
  <testcase name="openBrowser" time="0.0" classname="Automation.BookMyShow.Test_Execution">
    <skipped/>
  </testcase> <!-- openBrowser -->
  <testcase name="signUpNCR" time="0.0" classname="Automation.BookMyShow.Test_Execution">
    <skipped/>
  </testcase> <!-- signUpNCR -->
  <testcase name="signUp" time="0.0" classname="Automation.BookMyShow.Test_Execution">
    <skipped/>
  </testcase> <!-- signUp -->
  <testcase name="signUpUsingGoogle" time="0.0" classname="Automation.BookMyShow.Test_Execution">
    <skipped/>
  </testcase> <!-- signUpUsingGoogle -->
  <testcase name="switchWindow" time="0.0" classname="Automation.BookMyShow.Test_Execution">
    <skipped/>
  </testcase> <!-- switchWindow -->
  <testcase name="moviesData" time="0.0" classname="Automation.BookMyShow.Test_Execution">
    <skipped/>
  </testcase> <!-- moviesData -->
  <testcase name="sports" time="0.0" classname="Automation.BookMyShow.Test_Execution">
    <skipped/>
  </testcase> <!-- sports -->
  <testcase name="weekendSelector" time="0.0" classname="Automation.BookMyShow.Test_Execution">
    <skipped/>
  </testcase> <!-- weekendSelector -->
  <testcase name="priceSelector" time="0.0" classname="Automation.BookMyShow.Test_Execution">
    <skipped/>
  </testcase> <!-- priceSelector -->
  <testcase name="rangeSelector" time="0.0" classname="Automation.BookMyShow.Test_Execution">
    <skipped/>
  </testcase> <!-- rangeSelector -->
</testsuite> <!-- Test -->
